[2018-02-01T10:35:57.825594+00:00] Mango.INFO: Accepted request GET http://www.mangophp.com/articles [null] []
[2018-02-01T10:36:54.451833+00:00] Mango.INFO: Accepted request GET http://www.mangophp.com/articles [null] []
[2018-02-01T10:42:52.378305+00:00] Mango.INFO: Accepted request GET http://www.mangophp.com/articles [null] []
[2018-02-01T11:20:33.875656+00:00] Mango.INFO: Accepted request GET http://www.mangophp.com/articles [null] []
[2018-02-02T01:43:29.068027+00:00] Mango.INFO: Accepted request GET http://www.mangophp.com/ [null] []
[2018-02-02T01:43:29.187034+00:00] Mango.INFO: Accepted request GET http://www.mangophp.com/favicon.ico [null] []
[2018-02-02T01:47:34.329055+00:00] Mango.INFO: Accepted request GET http://www.mangophp.com/ [null] []
[2018-02-02T10:06:30.637049+08:00] Mango.INFO: Accepted request GET http://www.mangophp.com/ [null] []
[2018-02-02T10:31:00.467118+08:00] Mango.INFO: Accepted request GET http://www.mangophp.com/ [null] []
[2018-02-02T10:31:09.266621+08:00] Mango.INFO: Accepted request GET http://www.mangophp.com/articles [null] []
[2018-02-02T10:33:13.603733+08:00] Mango.INFO: Accepted request GET http://www.mangophp.com/articles [null] []
[2018-02-02T10:39:53.268593+08:00] Mango.INFO: Accepted request GET http://www.mangophp.com/articles [null] []
[2018-02-02T10:40:06.024322+08:00] Mango.INFO: Accepted request GET http://www.mangophp.com/articles [null] []
[2018-02-02T10:40:33.098871+08:00] Mango.INFO: Accepted request GET http://www.mangophp.com/articles [null] []
[2018-02-02T10:56:38.081065+08:00] Mango.INFO: Accepted request GET http://www.mangophp.com/articles [null] []
[2018-02-02T10:58:11.356400+08:00] Mango.INFO: Accepted request GET http://www.mangophp.com/articles [null] []
[2018-02-02T10:58:21.721992+08:00] Mango.INFO: Accepted request GET http://www.mangophp.com/articles [null] []
[2018-02-02T11:01:22.889355+08:00] Mango.INFO: Accepted request GET http://www.mangophp.com/articles [null] []
[2018-02-02T11:01:57.078310+08:00] Mango.INFO: Accepted request GET http://www.mangophp.com/articles [null] []
[2018-02-02T11:03:19.155005+08:00] Mango.INFO: Accepted request GET http://www.mangophp.com/articles [null] []
[2018-02-02T11:03:20.134061+08:00] Mango.INFO: Accepted request GET http://www.mangophp.com/articles [null] []
[2018-02-02T11:03:20.323071+08:00] Mango.INFO: Accepted request GET http://www.mangophp.com/articles [null] []
[2018-02-02T11:03:29.523598+08:00] Mango.INFO: Accepted request GET http://www.mangophp.com/articles [null] []
[2018-02-02T11:04:59.332734+08:00] Mango.INFO: Accepted request GET http://www.mangophp.com/articles [null] []
[2018-02-02T11:07:33.892575+08:00] Mango.INFO: Accepted request GET http://www.mangophp.com/articles [null] []
[2018-02-02T11:46:26.920016+08:00] Mango.INFO: Accepted request GET http://www.mangophp.com/articles [null] []
[2018-02-02T11:54:44.421472+08:00] Mango.INFO: Accepted request GET http://www.mangophp.com/articles [null] []
[2018-02-02T11:55:16.434303+08:00] Mango.INFO: Accepted request GET http://www.mangophp.com/articles [null] []
[2018-02-02T11:59:55.023237+08:00] Mango.INFO: Accepted request GET http://www.mangophp.com/articles [null] []
[2018-02-02T15:26:41.041821+08:00] Mango.INFO: Accepted request GET http://www.mangophp.com/articles [null] []
[2018-02-02T15:27:33.090798+08:00] Mango.INFO: Accepted request GET http://www.mangophp.com/articles [null] []
[2018-02-02T15:27:34.117857+08:00] Mango.INFO: Accepted request GET http://www.mangophp.com/articles [null] []
[2018-02-02T15:27:34.744893+08:00] Mango.INFO: Accepted request GET http://www.mangophp.com/articles [null] []
[2018-02-02T15:27:34.974906+08:00] Mango.INFO: Accepted request GET http://www.mangophp.com/articles [null] []
[2018-02-02T15:27:35.132915+08:00] Mango.INFO: Accepted request GET http://www.mangophp.com/articles [null] []
[2018-02-02T15:27:35.290924+08:00] Mango.INFO: Accepted request GET http://www.mangophp.com/articles [null] []
[2018-02-02T15:27:35.462934+08:00] Mango.INFO: Accepted request GET http://www.mangophp.com/articles [null] []
[2018-02-02T15:27:35.627943+08:00] Mango.INFO: Accepted request GET http://www.mangophp.com/articles [null] []
[2018-02-02T15:27:51.177832+08:00] Mango.INFO: Accepted request GET http://www.mangophp.com/articles [null] []
[2018-02-02T15:28:18.603401+08:00] Mango.INFO: Accepted request GET http://www.mangophp.com/articles [null] []
[2018-02-02T15:28:42.828787+08:00] Mango.INFO: Accepted request GET http://www.mangophp.com/articles [null] []
[2018-02-02T15:28:55.374504+08:00] Mango.INFO: Accepted request GET http://www.mangophp.com/articles [null] []
[2018-02-02T15:29:09.233297+08:00] Mango.INFO: Accepted request GET http://www.mangophp.com/articles [null] []
[2018-02-02T15:29:19.615891+08:00] Mango.INFO: Accepted request GET http://www.mangophp.com/articles [null] []
[2018-02-02T15:29:38.229955+08:00] Mango.INFO: Accepted request GET http://www.mangophp.com/articles [null] []
[2018-02-02T15:30:27.263760+08:00] Mango.INFO: Accepted request GET http://www.mangophp.com/articles [null] []
[2018-02-02T15:30:36.364281+08:00] Mango.INFO: Accepted request GET http://www.mangophp.com/articles [null] []
[2018-02-02T15:30:37.905369+08:00] Mango.INFO: Accepted request GET http://www.mangophp.com/articles [null] []
[2018-02-02T15:30:38.178384+08:00] Mango.INFO: Accepted request GET http://www.mangophp.com/articles [null] []
[2018-02-02T15:30:38.368395+08:00] Mango.INFO: Accepted request GET http://www.mangophp.com/articles [null] []
[2018-02-02T15:30:45.538805+08:00] Mango.INFO: Accepted request GET http://www.mangophp.com/articles [null] []
[2018-02-02T15:30:55.655384+08:00] Mango.INFO: Accepted request GET http://www.mangophp.com/articles [null] []
[2018-02-02T15:30:56.298421+08:00] Mango.INFO: Accepted request GET http://www.mangophp.com/articles [null] []
[2018-02-02T15:30:56.460430+08:00] Mango.INFO: Accepted request GET http://www.mangophp.com/articles [null] []
[2018-02-02T15:30:56.629440+08:00] Mango.INFO: Accepted request GET http://www.mangophp.com/articles [null] []
[2018-02-02T15:30:56.801449+08:00] Mango.INFO: Accepted request GET http://www.mangophp.com/articles [null] []
[2018-02-02T15:30:56.942458+08:00] Mango.INFO: Accepted request GET http://www.mangophp.com/articles [null] []
[2018-02-02T15:31:07.104039+08:00] Mango.INFO: Accepted request GET http://www.mangophp.com/articles [null] []
[2018-02-02T15:31:28.727276+08:00] Mango.INFO: Accepted request GET http://www.mangophp.com/articles [null] []
[2018-02-02T15:31:41.806024+08:00] Mango.INFO: Accepted request GET http://www.mangophp.com/articles [null] []
[2018-02-02T16:30:31.978938+08:00] Mango.INFO: Accepted request GET http://www.mangophp.com/articles [null] []
[2018-02-02T16:30:45.234696+08:00] Mango.INFO: Accepted request GET http://www.mangophp.com/articles [null] []
[2018-02-02T16:30:55.093260+08:00] Mango.INFO: Accepted request GET http://www.mangophp.com/articles [null] []
[2018-02-02T16:31:20.627720+08:00] Mango.INFO: Accepted request GET http://www.mangophp.com/articles [null] []
[2018-02-02T16:33:14.235218+08:00] Mango.INFO: Accepted request GET http://www.mangophp.com/articles [null] []
[2018-02-02T16:45:09.129108+08:00] Mango.INFO: Accepted request GET http://www.mangophp.com/articles [null] []
[2018-02-02T16:56:38.493537+08:00] Mango.INFO: Accepted request GET http://www.mangophp.com/articles [null] []
[2018-02-02T17:14:00.533139+08:00] Mango.INFO: Accepted request GET http://www.mangophp.com/articles [null] []
[2018-02-02T17:14:01.254180+08:00] Mango.INFO: Accepted request GET http://www.mangophp.com/articles [null] []
[2018-02-02T17:14:01.393188+08:00] Mango.INFO: Accepted request GET http://www.mangophp.com/articles [null] []
[2018-02-02T17:14:01.554197+08:00] Mango.INFO: Accepted request GET http://www.mangophp.com/articles [null] []
[2018-02-02T17:14:02.097228+08:00] Mango.INFO: Accepted request GET http://www.mangophp.com/articles [null] []
[2018-02-02T17:14:02.513252+08:00] Mango.INFO: Accepted request GET http://www.mangophp.com/articles [null] []
[2018-02-02T17:14:03.024281+08:00] Mango.INFO: Accepted request GET http://www.mangophp.com/articles [null] []
[2018-02-02T17:15:25.246984+08:00] Mango.INFO: Accepted request GET http://www.mangophp.com/articles [null] []
[2018-02-02T17:15:52.193525+08:00] Mango.INFO: Accepted request GET http://www.mangophp.com/articles [null] []
[2018-02-02T17:16:05.139266+08:00] Mango.INFO: Accepted request GET http://www.mangophp.com/articles [null] []
[2018-02-02T17:18:30.271567+08:00] Mango.INFO: Accepted request GET http://www.mangophp.com/articles [null] []
[2018-02-02T17:28:28.047758+08:00] Mango.INFO: Accepted request GET http://www.mangophp.com/articles [null] []
[2018-02-02T17:28:49.924009+08:00] Mango.INFO: Accepted request GET http://www.mangophp.com/articles [null] []
[2018-02-02T17:29:21.334806+08:00] Mango.INFO: Accepted request GET http://www.mangophp.com/articles [null] []
[2018-02-02T17:30:00.481045+08:00] Mango.INFO: Accepted request GET http://www.mangophp.com/articles [null] []
[2018-02-02T17:30:01.110081+08:00] Mango.INFO: Accepted request GET http://www.mangophp.com/articles [null] []
[2018-02-02T17:30:01.273090+08:00] Mango.INFO: Accepted request GET http://www.mangophp.com/articles [null] []
[2018-02-02T17:30:01.437099+08:00] Mango.INFO: Accepted request GET http://www.mangophp.com/articles [null] []
[2018-02-02T17:30:01.625110+08:00] Mango.INFO: Accepted request GET http://www.mangophp.com/articles [null] []
[2018-02-02T17:30:01.920127+08:00] Mango.INFO: Accepted request GET http://www.mangophp.com/articles [null] []
[2018-02-02T17:30:02.056135+08:00] Mango.INFO: Accepted request GET http://www.mangophp.com/articles [null] []
[2018-02-02T17:30:02.206143+08:00] Mango.INFO: Accepted request GET http://www.mangophp.com/articles [null] []
[2018-02-02T17:30:14.389840+08:00] Mango.INFO: Accepted request GET http://www.mangophp.com/articles [null] []
[2018-02-02T19:36:48.334808+08:00] Mango.INFO: Accepted request GET http://www.mangophp.com/ [null] []
[2018-02-02T19:36:48.420978+08:00] Mango.INFO: Accepted request GET http://www.mangophp.com/ [null] []
[2018-02-02T19:36:56.771097+08:00] Mango.INFO: Accepted request GET http://www.mangophp.com/articles [null] []
[2018-02-02T19:39:10.672983+08:00] Mango.INFO: Accepted request GET http://www.mangophp.com/articles [null] []
[2018-02-02T19:39:11.052703+08:00] Mango.INFO: Accepted request GET http://www.mangophp.com/articles [null] []
[2018-02-02T19:39:11.281026+08:00] Mango.INFO: Accepted request GET http://www.mangophp.com/articles [null] []
[2018-02-02T19:39:11.396144+08:00] Mango.INFO: Accepted request GET http://www.mangophp.com/articles [null] []
[2018-02-02T19:39:11.741553+08:00] Mango.INFO: Accepted request GET http://www.mangophp.com/articles [null] []
[2018-02-02T19:39:11.844593+08:00] Mango.INFO: Accepted request GET http://www.mangophp.com/articles [null] []
[2018-02-02T19:39:12.067366+08:00] Mango.INFO: Accepted request GET http://www.mangophp.com/articles [null] []
[2018-02-02T19:39:12.245608+08:00] Mango.INFO: Accepted request GET http://www.mangophp.com/articles [null] []
[2018-02-02T19:39:23.168451+08:00] Mango.INFO: Accepted request GET http://www.mangophp.com/articles [null] []
[2018-02-02T19:39:25.375974+08:00] Mango.INFO: Accepted request GET http://www.mangophp.com/articles [null] []
[2018-02-02T19:42:38.183374+08:00] Mango.INFO: Accepted request GET http://www.mangophp.com/articles [null] []
[2018-02-02T19:43:15.891688+08:00] Mango.INFO: Accepted request GET http://www.mangophp.com/articles [null] []
[2018-02-02T19:43:16.602203+08:00] Mango.INFO: Accepted request GET http://www.mangophp.com/articles [null] []
[2018-02-02T19:43:16.851041+08:00] Mango.INFO: Accepted request GET http://www.mangophp.com/articles [null] []
[2018-02-02T19:43:17.051464+08:00] Mango.INFO: Accepted request GET http://www.mangophp.com/articles [null] []
[2018-02-02T19:43:17.183872+08:00] Mango.INFO: Accepted request GET http://www.mangophp.com/articles [null] []
[2018-02-02T19:44:16.088080+08:00] Mango.INFO: Accepted request GET http://www.mangophp.com/articles [null] []
[2018-02-02T19:45:46.316883+08:00] Mango.INFO: Accepted request GET http://www.mangophp.com/articles [null] []
[2018-02-02T19:46:02.906541+08:00] Mango.INFO: Accepted request GET http://www.mangophp.com/articles [null] []
[2018-02-02T19:46:54.290114+08:00] Mango.INFO: Accepted request GET http://www.mangophp.com/articles [null] []
[2018-02-02T19:57:57.882038+08:00] Mango.INFO: Accepted request GET http://www.mangophp.com/articles [null] []
[2018-02-02T20:05:29.028367+08:00] Mango.INFO: Accepted request GET http://www.mangophp.com/articles [null] []
[2018-02-02T20:07:52.964084+08:00] Mango.INFO: Accepted request GET http://www.mangophp.com/articles [null] []
[2018-02-02T20:16:17.658679+08:00] Mango.INFO: Accepted request GET http://www.mangophp.com/articles [null] []
[2018-02-02T20:17:34.812487+08:00] Mango.INFO: Accepted request GET http://www.mangophp.com/articles [null] []
[2018-02-02T20:17:43.614527+08:00] Mango.INFO: Accepted request GET http://www.mangophp.com/articles [null] []
[2018-02-02T20:18:49.586995+08:00] Mango.INFO: Accepted request GET http://www.mangophp.com/articles [null] []
[2018-02-02T20:20:38.027275+08:00] Mango.INFO: Accepted request GET http://www.mangophp.com/articles [null] []
[2018-02-02T20:20:40.288348+08:00] Mango.INFO: Accepted request GET http://www.mangophp.com/articles [null] []
[2018-02-02T20:21:09.597092+08:00] Mango.INFO: Accepted request GET http://www.mangophp.com/articles [null] []
[2018-02-02T20:23:42.429202+08:00] Mango.INFO: Accepted request GET http://www.mangophp.com/articles [null] []
[2018-02-02T20:23:58.200724+08:00] Mango.INFO: Accepted request GET http://www.mangophp.com/articles [null] []
[2018-02-02T20:25:48.084663+08:00] Mango.INFO: Accepted request GET http://www.mangophp.com/articles [null] []
[2018-02-02T20:26:22.636860+08:00] Mango.INFO: Accepted request GET http://www.mangophp.com/articles [null] []
[2018-02-02T20:26:36.034032+08:00] Mango.INFO: Accepted request GET http://www.mangophp.com/articles [null] []
[2018-02-02T20:27:15.975854+08:00] Mango.INFO: Accepted request GET http://www.mangophp.com/articles [null] []
[2018-02-02T20:27:20.136763+08:00] Mango.INFO: Accepted request GET http://www.mangophp.com/articles [null] []
[2018-02-02T20:27:22.052711+08:00] Mango.INFO: Accepted request GET http://www.mangophp.com/articles [null] []
[2018-02-02T20:27:28.044944+08:00] Mango.INFO: Accepted request GET http://www.mangophp.com/articles [null] []
[2018-02-02T20:27:56.756169+08:00] Mango.INFO: Accepted request GET http://www.mangophp.com/articles [null] []
[2018-02-02T20:28:02.545463+08:00] Mango.INFO: Accepted request GET http://www.mangophp.com/articles [null] []
[2018-02-02T20:28:13.469993+08:00] Mango.INFO: Accepted request GET http://www.mangophp.com/articles [null] []
[2018-02-02T20:28:20.424496+08:00] Mango.INFO: Accepted request GET http://www.mangophp.com/articles [null] []
[2018-02-02T20:31:47.611432+08:00] Mango.INFO: Accepted request GET http://www.mangophp.com/articles [null] []
[2018-02-02T20:32:18.186385+08:00] Mango.INFO: Accepted request GET http://www.mangophp.com/articles [null] []
[2018-02-02T20:32:45.063874+08:00] Mango.INFO: Accepted request GET http://www.mangophp.com/articles [null] []
[2018-02-02T20:33:20.613871+08:00] Mango.INFO: Accepted request GET http://www.mangophp.com/articles [null] []
[2018-02-02T20:33:32.871423+08:00] Mango.INFO: Accepted request GET http://www.mangophp.com/articles [null] []
[2018-02-02T20:33:54.348457+08:00] Mango.INFO: Accepted request GET http://www.mangophp.com/articles [null] []
[2018-02-02T20:34:18.892741+08:00] Mango.INFO: Accepted request GET http://www.mangophp.com/articles [null] []
[2018-02-02T20:35:25.611630+08:00] Mango.INFO: Accepted request GET http://www.mangophp.com/articles [null] []
[2018-02-02T20:35:43.504809+08:00] Mango.INFO: Accepted request GET http://www.mangophp.com/articles [null] []
[2018-02-02T20:36:25.729199+08:00] Mango.INFO: Accepted request GET http://www.mangophp.com/articles [null] []
[2018-02-02T20:36:34.738235+08:00] Mango.INFO: Accepted request GET http://www.mangophp.com/articles [null] []
[2018-02-02T20:36:48.183192+08:00] Mango.INFO: Accepted request GET http://www.mangophp.com/articles [null] []
[2018-02-02T20:36:59.189645+08:00] Mango.INFO: Accepted request GET http://www.mangophp.com/articles [null] []
[2018-02-02T20:37:43.391127+08:00] Mango.INFO: Accepted request GET http://www.mangophp.com/articles [null] []
[2018-02-02T20:37:51.655790+08:00] Mango.INFO: Accepted request GET http://www.mangophp.com/articles [null] []
[2018-02-02T20:37:56.968301+08:00] Mango.INFO: Accepted request GET http://www.mangophp.com/articles [null] []
[2018-02-02T20:38:05.710046+08:00] Mango.INFO: Accepted request GET http://www.mangophp.com/articles [null] []
[2018-02-02T20:40:14.114523+08:00] Mango.INFO: Accepted request GET http://www.mangophp.com/articles [null] []
[2018-02-02T20:40:15.374874+08:00] Mango.INFO: Accepted request GET http://www.mangophp.com/articles [null] []
[2018-02-02T20:40:15.717892+08:00] Mango.INFO: Accepted request GET http://www.mangophp.com/articles [null] []
[2018-02-02T20:40:16.050472+08:00] Mango.INFO: Accepted request GET http://www.mangophp.com/articles [null] []
[2018-02-02T20:57:49.411747+08:00] Mango.INFO: Accepted request GET http://www.mangophp.com/articles [null] []
[2018-02-02T20:57:50.714896+08:00] Mango.INFO: Accepted request GET http://www.mangophp.com/articles [null] []
[2018-02-02T20:58:04.186580+08:00] Mango.INFO: Accepted request GET http://www.mangophp.com/articles [null] []
[2018-02-02T20:58:04.478133+08:00] Mango.INFO: Accepted request GET http://www.mangophp.com/articles [null] []
[2018-02-02T20:58:04.983154+08:00] Mango.INFO: Accepted request GET http://www.mangophp.com/articles [null] []
[2018-02-02T20:58:05.268307+08:00] Mango.INFO: Accepted request GET http://www.mangophp.com/articles [null] []
[2018-02-02T20:58:05.898185+08:00] Mango.INFO: Accepted request GET http://www.mangophp.com/articles [null] []
[2018-02-02T20:58:06.193985+08:00] Mango.INFO: Accepted request GET http://www.mangophp.com/articles [null] []
[2018-02-03T11:08:04.807715+08:00] Mango.INFO: Accepted request GET http://www.mangophp.com/articles [null] []
[2018-02-03T11:08:05.112303+08:00] Mango.INFO: Accepted request GET http://www.mangophp.com/favicon.ico [null] []
[2018-02-03T11:08:05.114402+08:00] Mango.INFO: Accepted request GET http://www.mangophp.com/articles [null] []
[2018-02-07T15:35:25.723919+08:00] Mango.INFO: Accepted request GET http://www.mangophp.com/ [null] []
[2018-02-07T15:35:25.938932+08:00] Mango.INFO: Accepted request GET http://www.mangophp.com/favicon.ico [null] []
[2018-02-08T09:48:14.554242+08:00] Mango.INFO: Accepted request GET http://www.mangophp.com/ [null] []
[2018-02-09T09:42:55.929815+08:00] Mango.INFO: Accepted request GET http://www.mangophp.com/ [null] []
[2018-02-09T09:42:55.941816+08:00] Mango.INFO: Accepted request GET http://www.mangophp.com/ [null] []
[2018-02-09T09:43:19.769178+08:00] Mango.INFO: Accepted request GET http://www.mangophp.com/ [null] []
[2018-02-09T09:43:19.775179+08:00] Mango.INFO: Accepted request GET http://www.mangophp.com/ [null] []
[2018-02-09T09:43:42.756493+08:00] Mango.INFO: Accepted request GET http://www.mangophp.com/ [null] []
[2018-02-09T09:43:42.761494+08:00] Mango.INFO: Accepted request GET http://www.mangophp.com/ [null] []
[2018-02-09T09:44:01.650574+08:00] Mango.INFO: Accepted request GET http://www.mangophp.com/ [null] []
[2018-02-09T09:44:01.654574+08:00] Mango.INFO: Accepted request GET http://www.mangophp.com/ [null] []
[2018-02-09T09:44:10.347071+08:00] Mango.INFO: Accepted request GET http://www.mangophp.com/article [null] []
[2018-02-09T09:44:10.357072+08:00] Mango.INFO: Accepted request GET http://www.mangophp.com/article [null] []
[2018-02-09T09:44:54.160577+08:00] Mango.INFO: Accepted request GET http://www.mangophp.com/articlesList [null] []
[2018-02-09T09:44:54.164578+08:00] Mango.INFO: Accepted request GET http://www.mangophp.com/articlesList [null] []
[2018-02-09T09:45:27.169465+08:00] Mango.INFO: Accepted request GET http://www.mangophp.com/article/articlesList [null] []
[2018-02-09T09:45:27.173466+08:00] Mango.INFO: Accepted request GET http://www.mangophp.com/article/articlesList [null] []
[2018-02-09T09:45:42.176324+08:00] Mango.INFO: Accepted request GET http://www.mangophp.com/articlesList [null] []
[2018-02-09T09:45:42.180324+08:00] Mango.INFO: Accepted request GET http://www.mangophp.com/articlesList [null] []
[2018-02-09T09:45:57.251186+08:00] Mango.INFO: Accepted request GET http://www.mangophp.com/articles [null] []
[2018-02-09T09:45:57.578205+08:00] Mango.INFO: Accepted request GET http://www.mangophp.com/articles [null] []
[2018-02-09T09:46:31.744159+08:00] Mango.INFO: Accepted request GET http://www.mangophp.com/articles/1 [null] []
[2018-02-09T09:46:31.749159+08:00] Mango.INFO: Accepted request GET http://www.mangophp.com/articles/1 [null] []
[2018-02-09T10:02:15.907162+08:00] Mango.INFO: Accepted request GET http://www.mangophp.com/articles/1 [null] []
[2018-02-09T10:03:12.987427+08:00] Mango.INFO: Accepted request GET http://www.mangophp.com/articles/1 [null] []
[2018-02-09T10:03:22.219955+08:00] Mango.INFO: Accepted request GET http://www.mangophp.com/articles/1 [null] []
[2018-02-09T10:03:51.404624+08:00] Mango.INFO: Accepted request GET http://www.mangophp.com/articles/1 [null] []
[2018-02-09T10:04:18.276161+08:00] Mango.INFO: Accepted request GET http://www.mangophp.com/articles?id=1 ["id=1"] []
[2018-02-09T10:05:49.897401+08:00] Mango.INFO: Accepted request GET http://www.mangophp.com/articles/1 [null] []
[2018-02-09T10:06:11.626644+08:00] Mango.INFO: Accepted request GET http://www.mangophp.com/articles/1 [null] []
[2018-02-09T10:07:03.639619+08:00] Mango.INFO: Accepted request GET http://www.mangophp.com/articles/1 [null] []
[2018-02-09T10:07:36.308488+08:00] Mango.INFO: Accepted request GET http://www.mangophp.com/articles/1 [null] []
[2018-02-09T10:08:26.533360+08:00] Mango.INFO: Accepted request GET http://www.mangophp.com/articles/1 [null] []
[2018-02-09T10:08:44.971415+08:00] Mango.INFO: Accepted request GET http://www.mangophp.com/articles/1 [null] []
[2018-02-09T10:08:55.298006+08:00] Mango.INFO: Accepted request GET http://www.mangophp.com/articles/1 [null] []
[2018-02-09T10:10:07.809153+08:00] Mango.INFO: Accepted request GET http://www.mangophp.com/articles/1 [null] []
[2018-02-09T10:11:40.000426+08:00] Mango.INFO: Accepted request GET http://www.mangophp.com/articles/1 [null] []
[2018-02-09T10:14:36.448518+08:00] Mango.INFO: Accepted request GET http://www.mangophp.com/articles/1 [null] []
[2018-02-09T10:14:57.293711+08:00] Mango.INFO: Accepted request GET http://www.mangophp.com/articles/1?id=3 ["id=3"] []
[2018-02-09T10:15:03.424061+08:00] Mango.INFO: Accepted request GET http://www.mangophp.com/articles/1?id=3 ["id=3"] []
[2018-02-09T10:15:04.081099+08:00] Mango.INFO: Accepted request GET http://www.mangophp.com/articles/1?id=3 ["id=3"] []
[2018-02-09T10:15:04.402117+08:00] Mango.INFO: Accepted request GET http://www.mangophp.com/articles/1?id=3 ["id=3"] []
[2018-02-09T10:15:10.474465+08:00] Mango.INFO: Accepted request GET http://www.mangophp.com/articles/1 [null] []
[2018-02-09T10:15:49.467695+08:00] Mango.INFO: Accepted request GET http://www.mangophp.com/articles/1 [null] []
[2018-02-09T10:16:09.541843+08:00] Mango.INFO: Accepted request GET http://www.mangophp.com/articles/1 [null] []
[2018-02-09T10:16:25.593761+08:00] Mango.INFO: Accepted request GET http://www.mangophp.com/articles/1 [null] []
[2018-02-09T10:16:26.706825+08:00] Mango.INFO: Accepted request GET http://www.mangophp.com/articles/1 [null] []
[2018-02-09T10:16:27.045844+08:00] Mango.INFO: Accepted request GET http://www.mangophp.com/articles/1 [null] []
[2018-02-09T10:16:42.653737+08:00] Mango.INFO: Accepted request GET http://www.mangophp.com/articles/1 [null] []
[2018-02-09T10:16:51.341234+08:00] Mango.INFO: Accepted request GET http://www.mangophp.com/articles/2 [null] []
[2018-02-09T10:16:56.373522+08:00] Mango.INFO: Accepted request GET http://www.mangophp.com/articles/3 [null] []
[2018-02-09T10:17:03.875951+08:00] Mango.INFO: Accepted request GET http://www.mangophp.com/articles/3/3333 [null] []
[2018-02-09T10:17:23.582078+08:00] Mango.INFO: Accepted request GET http://www.mangophp.com/articles/3?ss=1 ["ss=1"] []
[2018-02-09T10:17:37.244859+08:00] Mango.INFO: Accepted request GET http://www.mangophp.com/articles/3 [null] []
[2018-02-09T10:18:21.640399+08:00] Mango.INFO: Accepted request GET http://www.mangophp.com/articles/3 [null] []
[2018-02-09T10:18:22.659457+08:00] Mango.INFO: Accepted request GET http://www.mangophp.com/articles/3 [null] []
[2018-02-09T10:18:22.815466+08:00] Mango.INFO: Accepted request GET http://www.mangophp.com/articles/3 [null] []
[2018-02-09T10:18:22.955474+08:00] Mango.INFO: Accepted request GET http://www.mangophp.com/articles/3 [null] []
[2018-02-09T10:18:26.224661+08:00] Mango.INFO: Accepted request GET http://www.mangophp.com/articles [null] []
[2018-02-09T10:19:09.691147+08:00] Mango.INFO: Accepted request GET http://www.mangophp.com/articles [null] []
[2018-02-09T10:20:04.466280+08:00] Mango.INFO: Accepted request GET http://www.mangophp.com/articles [null] []
[2018-02-09T10:23:23.433660+08:00] Mango.INFO: Accepted request GET http://www.mangophp.com/articles [null] []
[2018-02-09T10:28:48.456250+08:00] Mango.INFO: Accepted request GET http://www.mangophp.com/articles [null] []
[2018-02-09T10:29:08.397391+08:00] Mango.INFO: Accepted request GET http://www.mangophp.com/articles [null] []
[2018-02-09T10:29:08.985425+08:00] Mango.INFO: Accepted request GET http://www.mangophp.com/articles [null] []
[2018-02-09T10:30:44.498888+08:00] Mango.INFO: Accepted request GET http://www.mangophp.com/articles/1 [null] []
[2018-02-09T10:30:46.888024+08:00] Mango.INFO: Accepted request GET http://www.mangophp.com/articles/1/2 [null] []
[2018-02-09T10:31:50.906686+08:00] Mango.INFO: Accepted request GET http://www.mangophp.com/articles/1/2 [null] []
[2018-02-09T10:31:51.696731+08:00] Mango.INFO: Accepted request GET http://www.mangophp.com/articles/1/2 [null] []
[2018-02-09T10:32:35.269223+08:00] Mango.INFO: Accepted request GET http://www.mangophp.com/articles/1/id/2 [null] []
[2018-02-09T10:32:55.973408+08:00] Mango.INFO: Accepted request GET http://www.mangophp.com/articles/1/id/2 [null] []
[2018-02-09T10:33:05.800970+08:00] Mango.INFO: Accepted request GET http://www.mangophp.com/articles/id/1/search/2 [null] []
[2018-02-09T10:33:15.963551+08:00] Mango.INFO: Accepted request GET http://www.mangophp.com/articles/id/1/search/2 [null] []
[2018-02-09T10:33:16.824600+08:00] Mango.INFO: Accepted request GET http://www.mangophp.com/articles/id/1/search/2 [null] []
[2018-02-09T10:33:17.018611+08:00] Mango.INFO: Accepted request GET http://www.mangophp.com/articles/id/1/search/2 [null] []
[2018-02-09T10:33:17.152619+08:00] Mango.INFO: Accepted request GET http://www.mangophp.com/articles/id/1/search/2 [null] []
[2018-02-09T10:33:42.915093+08:00] Mango.INFO: Accepted request GET http://www.mangophp.com/articles/id/1/search/2 [null] []
[2018-02-09T10:34:38.823290+08:00] Mango.INFO: Accepted request GET http://www.mangophp.com/articles/id/1/search/2 [null] []
[2018-02-09T10:34:58.518417+08:00] Mango.INFO: Accepted request GET http://www.mangophp.com/articles/id/1/search/2 [null] []
[2018-02-09T10:35:10.278089+08:00] Mango.INFO: Accepted request GET http://www.mangophp.com/articles/id/1/search/2 [null] []
[2018-02-09T10:37:05.701691+08:00] Mango.INFO: Accepted request GET http://www.mangophp.com/articles/id/1/search/2/2 [null] []
[2018-02-09T10:39:12.598949+08:00] Mango.INFO: Accepted request GET http://www.mangophp.com/articles/id/1/search/2/2 [null] []
[2018-02-09T10:40:57.935974+08:00] Mango.INFO: Accepted request GET http://www.mangophp.com/articles/id/1/search/2/2 [null] []
[2018-02-09T10:41:56.261310+08:00] Mango.INFO: Accepted request GET http://www.mangophp.com/articles/id/1/search/2/2 [null] []
[2018-02-09T10:41:58.471437+08:00] Mango.INFO: Accepted request GET http://www.mangophp.com/articles/id/1/search/2/2 [null] []
[2018-02-09T10:41:58.773454+08:00] Mango.INFO: Accepted request GET http://www.mangophp.com/articles/id/1/search/2/2 [null] []
[2018-02-09T10:41:58.797455+08:00] Mango.INFO: Accepted request GET http://www.mangophp.com/articles/id/1/search/2/2 [null] []
[2018-02-09T10:41:59.092472+08:00] Mango.INFO: Accepted request GET http://www.mangophp.com/articles/id/1/search/2/2 [null] []
[2018-02-09T10:42:08.110988+08:00] Mango.INFO: Accepted request GET http://www.mangophp.com/articles/id/1/search/2/2 [null] []
[2018-02-09T10:42:22.075787+08:00] Mango.INFO: Accepted request GET http://www.mangophp.com/articles/id/1/search/2/2 [null] []
[2018-02-09T10:49:44.558095+08:00] Mango.INFO: Accepted request GET http://www.mangophp.com/articles/id/1/search/2/2 [null] []
[2018-02-09T10:49:52.345541+08:00] Mango.INFO: Accepted request GET http://www.mangophp.com/articles/id/1/search/2/2 [null] []
[2018-02-09T10:49:58.652902+08:00] Mango.INFO: Accepted request GET http://www.mangophp.com/articles/id/1/search/2/2 [null] []
[2018-02-09T10:49:59.038924+08:00] Mango.INFO: Accepted request GET http://www.mangophp.com/articles/id/1/search/2/2 [null] []
[2018-02-09T10:51:34.074359+08:00] Mango.INFO: Accepted request GET http://www.mangophp.com/articles/id/1/search/2/2 [null] []
[2018-02-09T10:51:47.600133+08:00] Mango.INFO: Accepted request GET http://www.mangophp.com/articles/id/1/search/2/2 [null] []
[2018-02-09T10:55:19.102230+08:00] Mango.INFO: Accepted request GET http://www.mangophp.com/articles/id/1/search/2 [null] []
[2018-02-09T10:55:42.190551+08:00] Mango.INFO: Accepted request GET http://www.mangophp.com/articles/id/1/search/2 [null] []
[2018-02-09T11:15:56.972032+08:00] Mango.INFO: Accepted request GET http://www.mangophp.com/articles/id/1/search/2 [null] []
[2018-02-09T11:17:30.626389+08:00] Mango.INFO: Accepted request GET http://www.mangophp.com/articles/id/1/search/2 [null] []
[2018-02-09T11:17:37.999811+08:00] Mango.INFO: Accepted request GET http://www.mangophp.com/articles/id/1/search/2/33 [null] []
[2018-02-09T11:17:44.707194+08:00] Mango.INFO: Accepted request GET http://www.mangophp.com/articles/id/1/search/2 [null] []
[2018-02-09T11:21:20.730550+08:00] Mango.INFO: Accepted request GET http://www.mangophp.com/articles/id/1/search/2 [null] []
[2018-02-09T11:21:21.643602+08:00] Mango.INFO: Accepted request GET http://www.mangophp.com/articles/id/1/search/2 [null] []
[2018-02-09T11:21:21.770610+08:00] Mango.INFO: Accepted request GET http://www.mangophp.com/articles/id/1/search/2 [null] []
[2018-02-09T11:21:21.963621+08:00] Mango.INFO: Accepted request GET http://www.mangophp.com/articles/id/1/search/2 [null] []
[2018-02-09T11:21:22.090628+08:00] Mango.INFO: Accepted request GET http://www.mangophp.com/articles/id/1/search/2 [null] []
[2018-02-09T11:21:22.244637+08:00] Mango.INFO: Accepted request GET http://www.mangophp.com/articles/id/1/search/2 [null] []
[2018-02-09T11:21:22.462649+08:00] Mango.INFO: Accepted request GET http://www.mangophp.com/articles/id/1/search/2 [null] []
[2018-02-09T11:21:22.597657+08:00] Mango.INFO: Accepted request GET http://www.mangophp.com/articles/id/1/search/2 [null] []
[2018-02-09T11:23:28.440855+08:00] Mango.INFO: Accepted request GET http://www.mangophp.com/articles/id/1/search/2 [null] []
[2018-02-09T11:24:41.290022+08:00] Mango.INFO: Accepted request GET http://www.mangophp.com/articles/id/1/search/2 [null] []
[2018-02-09T11:24:56.797909+08:00] Mango.INFO: Accepted request GET http://www.mangophp.com/articles/id/1/search/2 [null] []
[2018-02-09T11:24:57.825967+08:00] Mango.INFO: Accepted request GET http://www.mangophp.com/articles/id/1/search/2 [null] []
[2018-02-09T11:24:58.006978+08:00] Mango.INFO: Accepted request GET http://www.mangophp.com/articles/id/1/search/2 [null] []
[2018-02-09T11:24:58.150986+08:00] Mango.INFO: Accepted request GET http://www.mangophp.com/articles/id/1/search/2 [null] []
[2018-02-09T11:24:58.339997+08:00] Mango.INFO: Accepted request GET http://www.mangophp.com/articles/id/1/search/2 [null] []
[2018-02-09T11:24:58.485005+08:00] Mango.INFO: Accepted request GET http://www.mangophp.com/articles/id/1/search/2 [null] []
[2018-02-09T11:24:58.681016+08:00] Mango.INFO: Accepted request GET http://www.mangophp.com/articles/id/1/search/2 [null] []
[2018-02-09T11:24:59.042037+08:00] Mango.INFO: Accepted request GET http://www.mangophp.com/articles/id/1/search/2 [null] []
[2018-02-09T11:24:59.412058+08:00] Mango.INFO: Accepted request GET http://www.mangophp.com/articles/id/1/search/2 [null] []
[2018-02-09T11:24:59.744077+08:00] Mango.INFO: Accepted request GET http://www.mangophp.com/articles/id/1/search/2 [null] []
[2018-02-09T11:25:00.304109+08:00] Mango.INFO: Accepted request GET http://www.mangophp.com/articles/id/1/search/2 [null] []
[2018-02-09T11:25:10.601698+08:00] Mango.INFO: Accepted request GET http://www.mangophp.com/articles/id/1/search/2 [null] []
[2018-02-09T11:25:55.377259+08:00] Mango.INFO: Accepted request GET http://www.mangophp.com/articles/id/1/search/2 [null] []
[2018-02-09T11:25:55.501266+08:00] Mango.INFO: Accepted request GET http://www.mangophp.com/articles/id/1/search/2 [null] []
[2018-02-09T11:25:55.658275+08:00] Mango.INFO: Accepted request GET http://www.mangophp.com/articles/id/1/search/2 [null] []
[2018-02-09T11:25:55.858287+08:00] Mango.INFO: Accepted request GET http://www.mangophp.com/articles/id/1/search/2 [null] []
[2018-02-09T11:25:55.970293+08:00] Mango.INFO: Accepted request GET http://www.mangophp.com/articles/id/1/search/2 [null] []
[2018-02-09T11:25:57.091357+08:00] Mango.INFO: Accepted request GET http://www.mangophp.com/articles/id/1/search/2 [null] []
[2018-02-09T11:25:57.262367+08:00] Mango.INFO: Accepted request GET http://www.mangophp.com/articles/id/1/search/2 [null] []
[2018-02-09T11:25:57.402375+08:00] Mango.INFO: Accepted request GET http://www.mangophp.com/articles/id/1/search/2 [null] []
[2018-02-09T11:25:57.545383+08:00] Mango.INFO: Accepted request GET http://www.mangophp.com/articles/id/1/search/2 [null] []
[2018-02-09T11:26:18.375575+08:00] Mango.INFO: Accepted request GET http://www.mangophp.com/articles/id/1/search/2 [null] []
[2018-02-09T11:26:19.390633+08:00] Mango.INFO: Accepted request GET http://www.mangophp.com/articles/id/1/search/2 [null] []
[2018-02-09T11:26:19.545641+08:00] Mango.INFO: Accepted request GET http://www.mangophp.com/articles/id/1/search/2 [null] []
[2018-02-09T11:26:19.709651+08:00] Mango.INFO: Accepted request GET http://www.mangophp.com/articles/id/1/search/2 [null] []
[2018-02-09T11:26:19.972666+08:00] Mango.INFO: Accepted request GET http://www.mangophp.com/articles/id/1/search/2 [null] []
[2018-02-09T11:26:20.155676+08:00] Mango.INFO: Accepted request GET http://www.mangophp.com/articles/id/1/search/2 [null] []
[2018-02-09T11:26:20.385690+08:00] Mango.INFO: Accepted request GET http://www.mangophp.com/articles/id/1/search/2 [null] []
[2018-02-09T11:26:20.570700+08:00] Mango.INFO: Accepted request GET http://www.mangophp.com/articles/id/1/search/2 [null] []
[2018-02-09T11:26:20.720709+08:00] Mango.INFO: Accepted request GET http://www.mangophp.com/articles/id/1/search/2 [null] []
[2018-02-09T11:27:43.479442+08:00] Mango.INFO: Accepted request GET http://www.mangophp.com/articles/id/1/search/2 [null] []
[2018-02-09T11:30:10.451849+08:00] Mango.INFO: Accepted request GET http://www.mangophp.com/articles/id/1/search/2 [null] []
[2018-02-09T11:31:08.524170+08:00] Mango.INFO: Accepted request GET http://www.mangophp.com/articles/id/1/search/2 [null] []
[2018-02-09T11:31:09.659235+08:00] Mango.INFO: Accepted request GET http://www.mangophp.com/articles/id/1/search/2 [null] []
[2018-02-09T11:31:10.566287+08:00] Mango.INFO: Accepted request GET http://www.mangophp.com/articles/id/1/search/2 [null] []
[2018-02-09T11:31:10.786299+08:00] Mango.INFO: Accepted request GET http://www.mangophp.com/articles/id/1/search/2 [null] []
[2018-02-09T11:31:10.921307+08:00] Mango.INFO: Accepted request GET http://www.mangophp.com/articles/id/1/search/2 [null] []
[2018-02-09T11:31:11.116318+08:00] Mango.INFO: Accepted request GET http://www.mangophp.com/articles/id/1/search/2 [null] []
[2018-02-09T11:31:11.236325+08:00] Mango.INFO: Accepted request GET http://www.mangophp.com/articles/id/1/search/2 [null] []
[2018-02-09T11:31:11.423336+08:00] Mango.INFO: Accepted request GET http://www.mangophp.com/articles/id/1/search/2 [null] []
[2018-02-09T11:31:11.540343+08:00] Mango.INFO: Accepted request GET http://www.mangophp.com/articles/id/1/search/2 [null] []
[2018-02-09T11:31:11.714353+08:00] Mango.INFO: Accepted request GET http://www.mangophp.com/articles/id/1/search/2 [null] []
[2018-02-09T11:31:11.808358+08:00] Mango.INFO: Accepted request GET http://www.mangophp.com/articles/id/1/search/2 [null] []
[2018-02-09T11:31:11.930365+08:00] Mango.INFO: Accepted request GET http://www.mangophp.com/articles/id/1/search/2 [null] []
[2018-02-09T11:31:12.081374+08:00] Mango.INFO: Accepted request GET http://www.mangophp.com/articles/id/1/search/2 [null] []
[2018-02-09T11:31:12.251383+08:00] Mango.INFO: Accepted request GET http://www.mangophp.com/articles/id/1/search/2 [null] []
[2018-02-09T11:31:12.427393+08:00] Mango.INFO: Accepted request GET http://www.mangophp.com/articles/id/1/search/2 [null] []
[2018-02-09T11:31:12.563401+08:00] Mango.INFO: Accepted request GET http://www.mangophp.com/articles/id/1/search/2 [null] []
[2018-02-09T11:40:00.314587+08:00] Mango.INFO: Accepted request GET http://www.mangophp.com/articles/id/1/search/2 [null] []
[2018-02-09T11:40:01.551658+08:00] Mango.INFO: Accepted request GET http://www.mangophp.com/articles/id/1/search/2 [null] []
[2018-02-09T11:40:01.912678+08:00] Mango.INFO: Accepted request GET http://www.mangophp.com/articles/id/1/search/2 [null] []
[2018-02-09T11:40:02.244697+08:00] Mango.INFO: Accepted request GET http://www.mangophp.com/articles/id/1/search/2 [null] []
[2018-02-09T11:40:02.406706+08:00] Mango.INFO: Accepted request GET http://www.mangophp.com/articles/id/1/search/2 [null] []
[2018-02-09T11:40:03.993797+08:00] Mango.INFO: Accepted request GET http://www.mangophp.com/articles/id/1/search/2 [null] []
[2018-02-09T11:40:20.375734+08:00] Mango.INFO: Accepted request GET http://www.mangophp.com/articles/id/1/search/2 [null] []
[2018-02-09T11:40:40.339876+08:00] Mango.INFO: Accepted request GET http://www.mangophp.com/articles/id/1/search/2 [null] []
[2018-02-09T11:41:55.535177+08:00] Mango.INFO: Accepted request GET http://www.mangophp.com/articles/id/1/search/2 [null] []
[2018-02-09T11:41:57.163270+08:00] Mango.INFO: Accepted request GET http://www.mangophp.com/articles/id/1/search/2 [null] []
[2018-02-09T11:41:57.636297+08:00] Mango.INFO: Accepted request GET http://www.mangophp.com/articles/id/1/search/2 [null] []
[2018-02-09T11:41:57.783306+08:00] Mango.INFO: Accepted request GET http://www.mangophp.com/articles/id/1/search/2 [null] []
[2018-02-09T11:41:57.984317+08:00] Mango.INFO: Accepted request GET http://www.mangophp.com/articles/id/1/search/2 [null] []
[2018-02-09T11:41:58.121325+08:00] Mango.INFO: Accepted request GET http://www.mangophp.com/articles/id/1/search/2 [null] []
[2018-02-09T11:41:58.336337+08:00] Mango.INFO: Accepted request GET http://www.mangophp.com/articles/id/1/search/2 [null] []
[2018-02-09T11:41:58.539349+08:00] Mango.INFO: Accepted request GET http://www.mangophp.com/articles/id/1/search/2 [null] []
[2018-02-09T11:41:58.693358+08:00] Mango.INFO: Accepted request GET http://www.mangophp.com/articles/id/1/search/2 [null] []
[2018-02-09T11:43:43.931377+08:00] Mango.INFO: Accepted request GET http://www.mangophp.com/articles/id/1/search/2 [null] []
[2018-02-09T11:44:11.328944+08:00] Mango.INFO: Accepted request GET http://www.mangophp.com/articles/id/1/search/2 [null] []
[2018-02-09T11:44:46.350947+08:00] Mango.INFO: Accepted request GET http://www.mangophp.com/articles/id/1/search/2 [null] []
[2018-02-09T11:44:56.680538+08:00] Mango.INFO: Accepted request GET http://www.mangophp.com/articles/id/1/search/2 [null] []
[2018-02-09T11:45:05.582047+08:00] Mango.INFO: Accepted request GET http://www.mangophp.com/articles/id/1/search/2 [null] []
[2018-02-09T11:46:46.946845+08:00] Mango.INFO: Accepted request GET http://www.mangophp.com/articles/id/1/search/2 [null] []
[2018-02-09T11:46:47.934901+08:00] Mango.INFO: Accepted request GET http://www.mangophp.com/articles/id/1/search/2 [null] []
[2018-02-09T11:46:48.141913+08:00] Mango.INFO: Accepted request GET http://www.mangophp.com/articles/id/1/search/2 [null] []
[2018-02-09T11:46:48.272921+08:00] Mango.INFO: Accepted request GET http://www.mangophp.com/articles/id/1/search/2 [null] []
[2018-02-09T11:46:48.437930+08:00] Mango.INFO: Accepted request GET http://www.mangophp.com/articles/id/1/search/2 [null] []
[2018-02-09T11:46:48.563937+08:00] Mango.INFO: Accepted request GET http://www.mangophp.com/articles/id/1/search/2 [null] []
[2018-02-09T11:46:48.730947+08:00] Mango.INFO: Accepted request GET http://www.mangophp.com/articles/id/1/search/2 [null] []
[2018-02-09T11:46:48.830953+08:00] Mango.INFO: Accepted request GET http://www.mangophp.com/articles/id/1/search/2 [null] []
[2018-02-09T11:46:56.067366+08:00] Mango.INFO: Accepted request GET http://www.mangophp.com/articles/id/1/search/2 [null] []
[2018-02-09T11:47:28.657231+08:00] Mango.INFO: Accepted request GET http://www.mangophp.com/articles/id/1/search/2 [null] []
[2018-02-09T11:47:39.930875+08:00] Mango.INFO: Accepted request GET http://www.mangophp.com/articles/id/1/search/2 [null] []
[2018-02-09T11:48:24.146404+08:00] Mango.INFO: Accepted request GET http://www.mangophp.com/articles/id/1/search/2 [null] []
[2018-02-09T11:48:24.996453+08:00] Mango.INFO: Accepted request GET http://www.mangophp.com/articles/id/1/search/2 [null] []
[2018-02-09T11:48:25.116460+08:00] Mango.INFO: Accepted request GET http://www.mangophp.com/articles/id/1/search/2 [null] []
[2018-02-09T11:48:25.277469+08:00] Mango.INFO: Accepted request GET http://www.mangophp.com/articles/id/1/search/2 [null] []
[2018-02-09T11:48:25.384475+08:00] Mango.INFO: Accepted request GET http://www.mangophp.com/articles/id/1/search/2 [null] []
[2018-02-09T11:48:25.723495+08:00] Mango.INFO: Accepted request GET http://www.mangophp.com/articles/id/1/search/2 [null] []
[2018-02-09T11:48:25.799499+08:00] Mango.INFO: Accepted request GET http://www.mangophp.com/articles/id/1/search/2 [null] []
[2018-02-09T11:48:26.136518+08:00] Mango.INFO: Accepted request GET http://www.mangophp.com/articles/id/1/search/2 [null] []
[2018-02-09T11:48:26.229523+08:00] Mango.INFO: Accepted request GET http://www.mangophp.com/articles/id/1/search/2 [null] []
[2018-02-09T11:48:26.441536+08:00] Mango.INFO: Accepted request GET http://www.mangophp.com/articles/id/1/search/2 [null] []
[2018-02-09T11:49:22.130721+08:00] Mango.INFO: Accepted request GET http://www.mangophp.com/articles/id/1/search/2 [null] []
[2018-02-09T11:49:35.081462+08:00] Mango.INFO: Accepted request GET http://www.mangophp.com/articles/id/1/search/2 [null] []
[2018-02-09T11:49:35.712498+08:00] Mango.INFO: Accepted request GET http://www.mangophp.com/articles/id/1/search/2 [null] []
[2018-02-09T11:49:36.511543+08:00] Mango.INFO: Accepted request GET http://www.mangophp.com/articles/id/1/search/2 [null] []
[2018-02-09T11:49:36.724556+08:00] Mango.INFO: Accepted request GET http://www.mangophp.com/articles/id/1/search/2 [null] []
[2018-02-09T11:49:36.925567+08:00] Mango.INFO: Accepted request GET http://www.mangophp.com/articles/id/1/search/2 [null] []
[2018-02-09T11:49:37.402594+08:00] Mango.INFO: Accepted request GET http://www.mangophp.com/articles/id/1/search/2 [null] []
[2018-02-09T11:49:37.496600+08:00] Mango.INFO: Accepted request GET http://www.mangophp.com/articles/id/1/search/2 [null] []
[2018-02-09T11:50:05.344192+08:00] Mango.INFO: Accepted request GET http://www.mangophp.com/articles/id/1/search/2 [null] []
[2018-02-09T11:50:32.160726+08:00] Mango.INFO: Accepted request GET http://www.mangophp.com/articles/id/1/search/2 [null] []
[2018-02-09T11:51:54.114414+08:00] Mango.INFO: Accepted request GET http://www.mangophp.com/articles/id/1/search/2 [null] []
[2018-02-09T11:51:54.961462+08:00] Mango.INFO: Accepted request GET http://www.mangophp.com/articles/id/1/search/2 [null] []
[2018-02-09T11:51:55.141473+08:00] Mango.INFO: Accepted request GET http://www.mangophp.com/articles/id/1/search/2 [null] []
[2018-02-09T11:51:55.250479+08:00] Mango.INFO: Accepted request GET http://www.mangophp.com/articles/id/1/search/2 [null] []
[2018-02-09T11:51:55.413488+08:00] Mango.INFO: Accepted request GET http://www.mangophp.com/articles/id/1/search/2 [null] []
[2018-02-09T11:52:14.903603+08:00] Mango.INFO: Accepted request GET http://www.mangophp.com/articles/id/1/search/2 [null] []
[2018-02-09T11:53:01.492268+08:00] Mango.INFO: Accepted request GET http://www.mangophp.com/articles/id/1/search/2 [null] []
[2018-02-09T11:53:47.429895+08:00] Mango.INFO: Accepted request GET http://www.mangophp.com/articles/id/1/search/2 [null] []
[2018-02-09T11:53:48.823975+08:00] Mango.INFO: Accepted request GET http://www.mangophp.com/articles/id/1/search/2 [null] []
[2018-02-09T11:53:49.043987+08:00] Mango.INFO: Accepted request GET http://www.mangophp.com/articles/id/1/search/2 [null] []
[2018-02-09T11:53:49.199996+08:00] Mango.INFO: Accepted request GET http://www.mangophp.com/articles/id/1/search/2 [null] []
[2018-02-09T11:53:49.374006+08:00] Mango.INFO: Accepted request GET http://www.mangophp.com/articles/id/1/search/2 [null] []
[2018-02-09T11:53:49.540016+08:00] Mango.INFO: Accepted request GET http://www.mangophp.com/articles/id/1/search/2 [null] []
[2018-02-09T11:53:49.687024+08:00] Mango.INFO: Accepted request GET http://www.mangophp.com/articles/id/1/search/2 [null] []
[2018-02-09T11:53:49.878035+08:00] Mango.INFO: Accepted request GET http://www.mangophp.com/articles/id/1/search/2 [null] []
[2018-02-09T11:53:50.093047+08:00] Mango.INFO: Accepted request GET http://www.mangophp.com/articles/id/1/search/2 [null] []
[2018-02-09T11:53:50.292059+08:00] Mango.INFO: Accepted request GET http://www.mangophp.com/articles/id/1/search/2 [null] []
[2018-02-09T11:53:50.489070+08:00] Mango.INFO: Accepted request GET http://www.mangophp.com/articles/id/1/search/2 [null] []
[2018-02-09T11:53:50.659080+08:00] Mango.INFO: Accepted request GET http://www.mangophp.com/articles/id/1/search/2 [null] []
[2018-02-09T11:54:03.633822+08:00] Mango.INFO: Accepted request GET http://www.mangophp.com/articles/id/1/search/2 [null] []
[2018-02-09T11:55:56.629285+08:00] Mango.INFO: Accepted request GET http://:/ [null] []
[2018-02-09T11:55:59.496449+08:00] Mango.INFO: Accepted request GET http://www.mangophp.com/articles/id/1/search/2 [null] []
[2018-02-09T11:58:38.916567+08:00] Mango.INFO: Accepted request GET http://www.mangophp.com/articles/id/1/search/2 [null] []
[2018-02-09T12:03:49.824350+08:00] Mango.INFO: Accepted request GET http://www.mangophp.com/articles/id/1/search/2 [null] []
[2018-02-09T12:04:45.050509+08:00] Mango.INFO: Accepted request GET http://www.mangophp.com/articles/id/1/search/2 [null] []
[2018-02-09T12:05:36.675462+08:00] Mango.INFO: Accepted request GET http://www.mangophp.com/articles/id/1/search/2 [null] []
[2018-02-09T12:08:04.060892+08:00] Mango.INFO: Accepted request GET http://www.mangophp.com/articles/id/1/search/2 [null] []
[2018-02-09T12:08:04.955943+08:00] Mango.INFO: Accepted request GET http://www.mangophp.com/articles/id/1/search/2 [null] []
[2018-02-09T12:08:05.338965+08:00] Mango.INFO: Accepted request GET http://www.mangophp.com/articles/id/1/search/2 [null] []
[2018-02-09T12:08:06.093008+08:00] Mango.INFO: Accepted request GET http://www.mangophp.com/articles/id/1/search/2 [null] []
[2018-02-09T12:08:06.701043+08:00] Mango.INFO: Accepted request GET http://www.mangophp.com/articles/id/1/search/2 [null] []
[2018-02-09T12:08:07.374081+08:00] Mango.INFO: Accepted request GET http://www.mangophp.com/articles/id/1/search/2 [null] []
[2018-02-09T14:43:44.982162+08:00] Mango.INFO: Accepted request GET http://www.mangophp.com/articles/id/1/search/2 [null] []
[2018-02-09T14:43:45.550194+08:00] Mango.INFO: Accepted request GET http://www.mangophp.com/articles/id/1/search/2 [null] []
[2018-02-09T14:45:56.438681+08:00] Mango.INFO: Accepted request GET http://www.mangophp.com/articles/id/1/search/2 [null] []
[2018-02-09T14:46:14.016686+08:00] Mango.INFO: Accepted request GET http://www.mangophp.com/articles/id/1/search/2 [null] []
[2018-02-09T14:47:27.837908+08:00] Mango.INFO: Accepted request GET http://www.mangophp.com/articles/id/1/search/2 [null] []
[2018-02-09T14:49:08.723679+08:00] Mango.INFO: Accepted request GET http://www.mangophp.com/articles/id/1/search/2 [null] []
[2018-02-09T14:49:09.757738+08:00] Mango.INFO: Accepted request GET http://www.mangophp.com/articles/id/1/search/2 [null] []
